<?xml version='1.0' encoding='UTF-8'?>
<testsuite hostname="MacitUp.local" name="kvstore.Step6_NewSecondarySpec" tests="3" errors="0" failures="0" time="0.3">
                     <properties>
[...]
</properties>
                     <testcase classname="kvstore.Step6_NewSecondarySpec" name="case1: Primary must start replication to new replicas" time="0.227">
                                                 
                                               </testcase><testcase classname="kvstore.Step6_NewSecondarySpec" name="case2: Primary must stop replication to removed replicas and stop Replicator" time="0.038">
                                                 
                                               </testcase><testcase classname="kvstore.Step6_NewSecondarySpec" name="case3: Primary must stop replication to removed replicas and waive their outstanding acknowledgements" time="0.035">
                                                 
                                               </testcase>
                     <system-out></system-out>
                     <system-err></system-err>
                   </testsuite>